#
# A fatal error has been detected by the Java Runtime Environment:
#
#  Internal Error (javaCalls.cpp:51), pid=48592, tid=0x00000000000082a0
#  guarantee(thread->is_Java_thread()) failed: crucial check - the VM thread cannot and must not escape to Java code
#
# JRE version: Java(TM) SE Runtime Environment (8.0_201-b09) (build 1.8.0_201-b09)
# Java VM: Java HotSpot(TM) 64-Bit Server VM (25.201-b09 mixed mode windows-amd64 compressed oops)
# Failed to write core dump. Minidumps are not enabled by default on client versions of Windows
#
# If you would like to submit a bug report, please visit:
#   http://bugreport.java.com/bugreport/crash.jsp
#

---------------  T H R E A D  ---------------

Current thread (0x0000000016908800):  VMThread [stack: 0x00000000179b0000,0x0000000017ab0000] [id=33440]

Stack: [0x00000000179b0000,0x0000000017ab0000]
[error occurred during error reporting (printing stack bounds), id 0xc0000005]

Native frames: (J=compiled Java code, j=interpreted, Vv=VM code, C=native code)

VM_Operation (0x00000000183ef7a0): GetOrSetLocal, mode: safepoint, requested by thread 0x0000000016957800


---------------  P R O C E S S  ---------------

Java Threads: ( => current thread )
  0x0000000018a2c000 JavaThread "Okio Watchdog" daemon [_thread_blocked, id=40132, stack(0x000000001b7c0000,0x000000001b8c0000)]
  0x0000000019b15800 JavaThread "OkHttp ConnectionPool" daemon [_thread_blocked, id=30224, stack(0x000000001b6c0000,0x000000001b7c0000)]
  0x00000000199f4800 JavaThread "Exec Stream Pumper" daemon [_thread_in_native, id=43700, stack(0x000000001b2c0000,0x000000001b3c0000)]
  0x000000001956b000 JavaThread "Exec Stream Pumper" daemon [_thread_in_native, id=18388, stack(0x000000001b1c0000,0x000000001b2c0000)]
  0x00000000199b3800 JavaThread "Exec Default Executor" daemon [_thread_in_native, id=39164, stack(0x000000001aec0000,0x000000001afc0000)]
  0x00000000192d9800 JavaThread "ReaderThread" [_thread_in_native, id=48356, stack(0x00000000197f0000,0x00000000198f0000)]
  0x000000001699e800 JavaThread "Service Thread" daemon [_thread_blocked, id=37832, stack(0x0000000018cf0000,0x0000000018df0000)]
  0x000000001697a000 JavaThread "C1 CompilerThread2" daemon [_thread_blocked, id=47432, stack(0x00000000187f0000,0x00000000188f0000)]
  0x0000000016979000 JavaThread "C2 CompilerThread1" daemon [_thread_blocked, id=46648, stack(0x00000000186f0000,0x00000000187f0000)]
  0x0000000016973800 JavaThread "C2 CompilerThread0" daemon [_thread_blocked, id=45820, stack(0x00000000185f0000,0x00000000186f0000)]
  0x0000000016968000 JavaThread "JDWP Command Reader" daemon [_thread_in_native, id=44828, stack(0x00000000184f0000,0x00000000185f0000)]
  0x0000000016965000 JavaThread "JDWP Event Helper Thread" daemon [_thread_blocked, id=46544, stack(0x00000000183f0000,0x00000000184f0000)]
  0x0000000016957800 JavaThread "JDWP Transport Listener: dt_socket" daemon [_thread_blocked, id=43964, stack(0x00000000182f0000,0x00000000183f0000)]
  0x000000001694b000 JavaThread "Attach Listener" daemon [_thread_blocked, id=43576, stack(0x0000000017eb0000,0x0000000017fb0000)]
  0x000000001694a000 JavaThread "Signal Dispatcher" daemon [_thread_blocked, id=48304, stack(0x0000000017db0000,0x0000000017eb0000)]
  0x000000000307b800 JavaThread "Finalizer" daemon [_thread_blocked, id=41352, stack(0x0000000017bb0000,0x0000000017cb0000)]
  0x000000001692a000 JavaThread "Reference Handler" daemon [_thread_blocked, id=44208, stack(0x0000000017ab0000,0x0000000017bb0000)]
  0x0000000002f85000 JavaThread "main" [_thread_blocked, id=43984, stack(0x0000000002e80000,0x0000000002f80000)]

Other Threads:
=>0x0000000016908800 VMThread [stack: 0x00000000179b0000,0x0000000017ab0000] [id=33440]
  0x0000000018958000 WatcherThread [stack: 0x0000000018df0000,0x0000000018ef0000] [id=34620]

VM state:at safepoint (normal execution)

VM Mutex/Monitor currently owned by a thread:  ([mutex/lock_event])
[0x0000000002f82600] Threads_lock - owner thread: 0x0000000016908800

heap address: 0x00000000a1400000, size: 1516 MB, Compressed Oops mode: 32-bit
Narrow klass base: 0x0000000000000000, Narrow klass shift: 3
Compressed class space size: 1073741824 Address: 0x0000000100000000

Heap:
 PSYoungGen      total 29696K, used 7665K [0x00000000e0700000, 0x00000000e2c00000, 0x0000000100000000)
  eden space 21504K, 32% used [0x00000000e0700000,0x00000000e0ddc6a8,0x00000000e1c00000)
  from space 8192K, 7% used [0x00000000e2400000,0x00000000e24a0010,0x00000000e2c00000)
  to   space 8192K, 0% used [0x00000000e1c00000,0x00000000e1c00000,0x00000000e2400000)
 ParOldGen       total 65536K, used 11458K [0x00000000a1400000, 0x00000000a5400000, 0x00000000e0700000)
  object space 65536K, 17% used [0x00000000a1400000,0x00000000a1f30860,0x00000000a5400000)
 Metaspace       used 19230K, capacity 19936K, committed 20096K, reserved 1067008K
  class space    used 2444K, capacity 2652K, committed 2688K, reserved 1048576K

Card table byte_map: [0x0000000012440000,0x0000000012740000] byte_map_base: 0x0000000011f36000

Marking Bits: (ParMarkBitMap*) 0x0000000069414ce0
 Begin Bits: [0x0000000012d40000, 0x00000000144f0000)
 End Bits:   [0x00000000144f0000, 0x0000000015ca0000)

Polling page: 0x0000000001180000

CodeCache: size=245760Kb used=3043Kb max_used=3043Kb free=242716Kb
 bounds [0x0000000003080000, 0x0000000003380000, 0x0000000012080000]
 total_blobs=1173 nmethods=746 adapters=348
 compilation: enabled

Compilation events (10 events):
Event: 1.144 Thread 0x000000001697a000 nmethod 675 0x000000000335fb90 code [0x000000000335fde0, 0x0000000003360d78]
Event: 1.144 Thread 0x000000001697a000  676       3       java.lang.Float::isNaN (12 bytes)
Event: 1.144 Thread 0x000000001697a000 nmethod 676 0x0000000003361510 code [0x0000000003361660, 0x0000000003361810]
Event: 1.144 Thread 0x000000001697a000  677       3       java.nio.charset.CoderResult::isUnderflow (13 bytes)
Event: 1.144 Thread 0x000000001697a000 nmethod 677 0x0000000003361890 code [0x00000000033619e0, 0x0000000003361b90]
Event: 1.145 Thread 0x000000001697a000  678       3       java.util.Properties$LineReader::readLine (468 bytes)
Event: 1.147 Thread 0x000000001697a000 nmethod 678 0x0000000003361c10 code [0x0000000003361ec0, 0x0000000003363988]
Event: 1.147 Thread 0x0000000016973800 nmethod 669 0x00000000033677d0 code [0x0000000003367960, 0x0000000003367fa8]
Event: 1.150 Thread 0x000000001697a000  679       3       java.util.Calendar::internalSet (8 bytes)
Event: 1.150 Thread 0x000000001697a000 nmethod 679 0x0000000003367410 code [0x0000000003367560, 0x00000000033676d0]

GC Heap History (10 events):
Event: 79.653 GC heap before
{Heap before GC invocations=10 (full 0):
 PSYoungGen      total 22528K, used 22421K [0x00000000e0700000, 0x00000000e2d80000, 0x0000000100000000)
  eden space 22016K, 99% used [0x00000000e0700000,0x00000000e1c6d7e0,0x00000000e1c80000)
  from space 512K, 93% used [0x00000000e1d00000,0x00000000e1d77fa8,0x00000000e1d80000)
  to   space 8704K, 0% used [0x00000000e2500000,0x00000000e2500000,0x00000000e2d80000)
 ParOldGen       total 65536K, used 10374K [0x00000000a1400000, 0x00000000a5400000, 0x00000000e0700000)
  object space 65536K, 15% used [0x00000000a1400000,0x00000000a1e21a70,0x00000000a5400000)
 Metaspace       used 19055K, capacity 19806K, committed 20096K, reserved 1067008K
  class space    used 2417K, capacity 2633K, committed 2688K, reserved 1048576K
Event: 79.654 GC heap after
Heap after GC invocations=10 (full 0):
 PSYoungGen      total 29696K, used 428K [0x00000000e0700000, 0x00000000e2d00000, 0x0000000100000000)
  eden space 21504K, 0% used [0x00000000e0700000,0x00000000e0700000,0x00000000e1c00000)
  from space 8192K, 5% used [0x00000000e2500000,0x00000000e256b360,0x00000000e2d00000)
  to   space 8704K, 0% used [0x00000000e1c00000,0x00000000e1c00000,0x00000000e2480000)
 ParOldGen       total 65536K, used 10374K [0x00000000a1400000, 0x00000000a5400000, 0x00000000e0700000)
  object space 65536K, 15% used [0x00000000a1400000,0x00000000a1e21a70,0x00000000a5400000)
 Metaspace       used 19055K, capacity 19806K, committed 20096K, reserved 1067008K
  class space    used 2417K, capacity 2633K, committed 2688K, reserved 1048576K
}
Event: 82.818 GC heap before
{Heap before GC invocations=11 (full 0):
 PSYoungGen      total 29696K, used 21802K [0x00000000e0700000, 0x00000000e2d00000, 0x0000000100000000)
  eden space 21504K, 99% used [0x00000000e0700000,0x00000000e1bdf548,0x00000000e1c00000)
  from space 8192K, 5% used [0x00000000e2500000,0x00000000e256b360,0x00000000e2d00000)
  to   space 8704K, 0% used [0x00000000e1c00000,0x00000000e1c00000,0x00000000e2480000)
 ParOldGen       total 65536K, used 10374K [0x00000000a1400000, 0x00000000a5400000, 0x00000000e0700000)
  object space 65536K, 15% used [0x00000000a1400000,0x00000000a1e21a70,0x00000000a5400000)
 Metaspace       used 19055K, capacity 19806K, committed 20096K, reserved 1067008K
  class space    used 2417K, capacity 2633K, committed 2688K, reserved 1048576K
Event: 82.819 GC heap after
Heap after GC invocations=11 (full 0):
 PSYoungGen      total 30208K, used 363K [0x00000000e0700000, 0x00000000e2d00000, 0x0000000100000000)
  eden space 21504K, 0% used [0x00000000e0700000,0x00000000e0700000,0x00000000e1c00000)
  from space 8704K, 4% used [0x00000000e1c00000,0x00000000e1c5acd8,0x00000000e2480000)
  to   space 8704K, 0% used [0x00000000e2480000,0x00000000e2480000,0x00000000e2d00000)
 ParOldGen       total 65536K, used 10374K [0x00000000a1400000, 0x00000000a5400000, 0x00000000e0700000)
  object space 65536K, 15% used [0x00000000a1400000,0x00000000a1e21a70,0x00000000a5400000)
 Metaspace       used 19055K, capacity 19806K, committed 20096K, reserved 1067008K
  class space    used 2417K, capacity 2633K, committed 2688K, reserved 1048576K
}
Event: 86.498 GC heap before
{Heap before GC invocations=12 (full 0):
 PSYoungGen      total 30208K, used 21867K [0x00000000e0700000, 0x00000000e2d00000, 0x0000000100000000)
  eden space 21504K, 100% used [0x00000000e0700000,0x00000000e1c00000,0x00000000e1c00000)
  from space 8704K, 4% used [0x00000000e1c00000,0x00000000e1c5acd8,0x00000000e2480000)
  to   space 8704K, 0% used [0x00000000e2480000,0x00000000e2480000,0x00000000e2d00000)
 ParOldGen       total 65536K, used 10374K [0x00000000a1400000, 0x00000000a5400000, 0x00000000e0700000)
  object space 65536K, 15% used [0x00000000a1400000,0x00000000a1e21a70,0x00000000a5400000)
 Metaspace       used 19055K, capacity 19806K, committed 20096K, reserved 1067008K
  class space    used 2417K, capacity 2633K, committed 2688K, reserved 1048576K
Event: 86.499 GC heap after
Heap after GC invocations=12 (full 0):
 PSYoungGen      total 30208K, used 494K [0x00000000e0700000, 0x00000000e2d00000, 0x0000000100000000)
  eden space 21504K, 0% used [0x00000000e0700000,0x00000000e0700000,0x00000000e1c00000)
  from space 8704K, 5% used [0x00000000e2480000,0x00000000e24fbbe8,0x00000000e2d00000)
  to   space 8704K, 0% used [0x00000000e1c00000,0x00000000e1c00000,0x00000000e2480000)
 ParOldGen       total 65536K, used 10374K [0x00000000a1400000, 0x00000000a5400000, 0x00000000e0700000)
  object space 65536K, 15% used [0x00000000a1400000,0x00000000a1e21a70,0x00000000a5400000)
 Metaspace       used 19055K, capacity 19806K, committed 20096K, reserved 1067008K
  class space    used 2417K, capacity 2633K, committed 2688K, reserved 1048576K
}
Event: 89.814 GC heap before
{Heap before GC invocations=13 (full 0):
 PSYoungGen      total 30208K, used 21998K [0x00000000e0700000, 0x00000000e2d00000, 0x0000000100000000)
  eden space 21504K, 100% used [0x00000000e0700000,0x00000000e1c00000,0x00000000e1c00000)
  from space 8704K, 5% used [0x00000000e2480000,0x00000000e24fbbe8,0x00000000e2d00000)
  to   space 8704K, 0% used [0x00000000e1c00000,0x00000000e1c00000,0x00000000e2480000)
 ParOldGen       total 65536K, used 10374K [0x00000000a1400000, 0x00000000a5400000, 0x00000000e0700000)
  object space 65536K, 15% used [0x00000000a1400000,0x00000000a1e21a70,0x00000000a5400000)
 Metaspace       used 19090K, capacity 19840K, committed 20096K, reserved 1067008K
  class space    used 2426K, capacity 2642K, committed 2688K, reserved 1048576K
Event: 89.815 GC heap after
Heap after GC invocations=13 (full 0):
 PSYoungGen      total 23040K, used 1333K [0x00000000e0700000, 0x00000000e2c00000, 0x0000000100000000)
  eden space 21504K, 0% used [0x00000000e0700000,0x00000000e0700000,0x00000000e1c00000)
  from space 1536K, 86% used [0x00000000e1c00000,0x00000000e1d4d5e0,0x00000000e1d80000)
  to   space 8192K, 0% used [0x00000000e2400000,0x00000000e2400000,0x00000000e2c00000)
 ParOldGen       total 65536K, used 10374K [0x00000000a1400000, 0x00000000a5400000, 0x00000000e0700000)
  object space 65536K, 15% used [0x00000000a1400000,0x00000000a1e21a70,0x00000000a5400000)
 Metaspace       used 19090K, capacity 19840K, committed 20096K, reserved 1067008K
  class space    used 2426K, capacity 2642K, committed 2688K, reserved 1048576K
}
Event: 92.019 GC heap before
{Heap before GC invocations=14 (full 0):
 PSYoungGen      total 23040K, used 22837K [0x00000000e0700000, 0x00000000e2c00000, 0x0000000100000000)
  eden space 21504K, 100% used [0x00000000e0700000,0x00000000e1c00000,0x00000000e1c00000)
  from space 1536K, 86% used [0x00000000e1c00000,0x00000000e1d4d5e0,0x00000000e1d80000)
  to   space 8192K, 0% used [0x00000000e2400000,0x00000000e2400000,0x00000000e2c00000)
 ParOldGen       total 65536K, used 10374K [0x00000000a1400000, 0x00000000a5400000, 0x00000000e0700000)
  object space 65536K, 15% used [0x00000000a1400000,0x00000000a1e21a70,0x00000000a5400000)
 Metaspace       used 19090K, capacity 19840K, committed 20096K, reserved 1067008K
  class space    used 2426K, capacity 2642K, committed 2688K, reserved 1048576K
Event: 92.020 GC heap after
Heap after GC invocations=14 (full 0):
 PSYoungGen      total 29696K, used 640K [0x00000000e0700000, 0x00000000e2c00000, 0x0000000100000000)
  eden space 21504K, 0% used [0x00000000e0700000,0x00000000e0700000,0x00000000e1c00000)
  from space 8192K, 7% used [0x00000000e2400000,0x00000000e24a0010,0x00000000e2c00000)
  to   space 8192K, 0% used [0x00000000e1c00000,0x00000000e1c00000,0x00000000e2400000)
 ParOldGen       total 65536K, used 11458K [0x00000000a1400000, 0x00000000a5400000, 0x00000000e0700000)
  object space 65536K, 17% used [0x00000000a1400000,0x00000000a1f30860,0x00000000a5400000)
 Metaspace       used 19090K, capacity 19840K, committed 20096K, reserved 1067008K
  class space    used 2426K, capacity 2642K, committed 2688K, reserved 1048576K
}

Deoptimization events (4 events):
Event: 0.480 Thread 0x0000000002f85000 Uncommon trap: reason=unstable_if action=reinterpret pc=0x00000000031bf118 method=java.lang.String.startsWith(Ljava/lang/String;I)Z @ 25
Event: 0.613 Thread 0x0000000002f85000 Uncommon trap: reason=unstable_if action=reinterpret pc=0x000000000323ed1c method=java.lang.String.indexOf([CII[CIII)I @ 3
Event: 1.017 Thread 0x0000000002f85000 Uncommon trap: reason=unstable_if action=reinterpret pc=0x0000000003279794 method=java.lang.AbstractStringBuilder.append(Ljava/lang/String;)Ljava/lang/AbstractStringBuilder; @ 1
Event: 1.056 Thread 0x0000000002f85000 Uncommon trap: reason=range_check action=make_not_entrant pc=0x000000000330580c method=sun.reflect.generics.parser.SignatureParser.current()C @ 34

Classes redefined (3 events):
Event: 169.748 Thread 0x0000000016908800 redefined class name=com.freemium.pagelocators.PageLocators, count=1
Event: 222.975 Thread 0x0000000016908800 redefined class name=testcases.Home_TestCase, count=1
Event: 231.504 Thread 0x0000000016908800 redefined class name=testcases.Home_TestCase, count=2

Internal exceptions (10 events):
Event: 88.370 Thread 0x0000000002f85000 Exception <a 'java/net/SocketTimeoutException': Read timed out> (0x00000000e0fdc6c0) thrown at [C:\re\workspace\8-2-build-windows-amd64-cygwin\jdk8u201\12322\hotspot\src\share\vm\prims\jni.cpp, line 735]
Event: 89.031 Thread 0x0000000002f85000 Exception <a 'java/net/SocketTimeoutException': Read timed out> (0x00000000e1711568) thrown at [C:\re\workspace\8-2-build-windows-amd64-cygwin\jdk8u201\12322\hotspot\src\share\vm\prims\jni.cpp, line 735]
Event: 89.047 Thread 0x0000000002f85000 Exception <a 'java/lang/NoSuchMethodError': java.lang.Object.lambda$comparing$77a9974f$1(Ljava/util/function/Function;Ljava/lang/Object;Ljava/lang/Object;)I> (0x00000000e1720360) thrown at [C:\re\workspace\8-2-build-windows-amd64-cygwin\jdk8u201\12322\hot
Event: 127.287 Thread 0x0000000002f85000 Exception <a 'java/net/SocketTimeoutException': Read timed out> (0x00000000e0ba9790) thrown at [C:\re\workspace\8-2-build-windows-amd64-cygwin\jdk8u201\12322\hotspot\src\share\vm\prims\jni.cpp, line 735]
Event: 127.990 Thread 0x0000000002f85000 Exception <a 'java/net/SocketTimeoutException': Read timed out> (0x00000000e0c10bf8) thrown at [C:\re\workspace\8-2-build-windows-amd64-cygwin\jdk8u201\12322\hotspot\src\share\vm\prims\jni.cpp, line 735]
Event: 129.454 Thread 0x0000000002f85000 Exception <a 'java/net/SocketTimeoutException': Read timed out> (0x00000000e0c4cdf8) thrown at [C:\re\workspace\8-2-build-windows-amd64-cygwin\jdk8u201\12322\hotspot\src\share\vm\prims\jni.cpp, line 735]
Event: 131.451 Thread 0x0000000002f85000 Exception <a 'java/net/SocketTimeoutException': Read timed out> (0x00000000e0c89048) thrown at [C:\re\workspace\8-2-build-windows-amd64-cygwin\jdk8u201\12322\hotspot\src\share\vm\prims\jni.cpp, line 735]
Event: 141.510 Thread 0x0000000002f85000 Exception <a 'java/net/SocketTimeoutException': Read timed out> (0x00000000e0cc4b58) thrown at [C:\re\workspace\8-2-build-windows-amd64-cygwin\jdk8u201\12322\hotspot\src\share\vm\prims\jni.cpp, line 735]
Event: 158.913 Thread 0x0000000002f85000 Exception <a 'java/net/SocketTimeoutException': Read timed out> (0x00000000e0cda788) thrown at [C:\re\workspace\8-2-build-windows-amd64-cygwin\jdk8u201\12322\hotspot\src\share\vm\prims\jni.cpp, line 735]
Event: 262.660 Thread 0x0000000002f85000 Exception <a 'java/net/SocketTimeoutException': Read timed out> (0x00000000e0d16708) thrown at [C:\re\workspace\8-2-build-windows-amd64-cygwin\jdk8u201\12322\hotspot\src\share\vm\prims\jni.cpp, line 735]

Events (10 events):
Event: 231.556 Executing VM operation: ChangeBreakpoints done
Event: 231.563 Executing VM operation: ChangeBreakpoints
Event: 231.563 Executing VM operation: ChangeBreakpoints done
Event: 231.569 Executing VM operation: ChangeBreakpoints
Event: 231.569 Executing VM operation: ChangeBreakpoints done
Event: 235.319 Executing VM operation: GetOwnedMonitorInfo
Event: 235.319 Executing VM operation: GetOwnedMonitorInfo done
Event: 235.319 Executing VM operation: GetCurrentContendedMonitor
Event: 235.319 Executing VM operation: GetCurrentContendedMonitor done
Event: 262.695 Executing VM operation: GetOrSetLocal


Dynamic libraries:
0x00007ff79af50000 - 0x00007ff79af87000 	C:\Program Files\Java\jdk1.8.0_201\bin\javaw.exe
0x00007ffb75c90000 - 0x00007ffb75e86000 	C:\Windows\SYSTEM32\ntdll.dll
0x00007ffb74ba0000 - 0x00007ffb74c5d000 	C:\Windows\System32\KERNEL32.DLL
0x00007ffb735a0000 - 0x00007ffb73869000 	C:\Windows\System32\KERNELBASE.dll
0x00007ffb74af0000 - 0x00007ffb74b9c000 	C:\Windows\System32\ADVAPI32.dll
0x00007ffb74cd0000 - 0x00007ffb74d6e000 	C:\Windows\System32\msvcrt.dll
0x00007ffb73d10000 - 0x00007ffb73dac000 	C:\Windows\System32\sechost.dll
0x00007ffb75410000 - 0x00007ffb7553b000 	C:\Windows\System32\RPCRT4.dll
0x00007ffb73e90000 - 0x00007ffb74030000 	C:\Windows\System32\USER32.dll
0x00007ffb733d0000 - 0x00007ffb733f2000 	C:\Windows\System32\win32u.dll
0x00007ffb753e0000 - 0x00007ffb7540a000 	C:\Windows\System32\GDI32.dll
0x00007ffb73b80000 - 0x00007ffb73c8b000 	C:\Windows\System32\gdi32full.dll
0x00007ffb73400000 - 0x00007ffb7349d000 	C:\Windows\System32\msvcp_win.dll
0x00007ffb734a0000 - 0x00007ffb735a0000 	C:\Windows\System32\ucrtbase.dll
0x00007ffb5e8c0000 - 0x00007ffb5eb5b000 	C:\Windows\WinSxS\amd64_microsoft.windows.common-controls_6595b64144ccf1df_6.0.19041.746_none_ca02b4b61b8320a4\COMCTL32.dll
0x00007ffb75950000 - 0x00007ffb75980000 	C:\Windows\System32\IMM32.DLL
0x00000000694a0000 - 0x0000000069571000 	C:\Program Files\Java\jdk1.8.0_201\jre\bin\msvcr100.dll
0x0000000068bf0000 - 0x0000000069494000 	C:\Program Files\Java\jdk1.8.0_201\jre\bin\server\jvm.dll
0x00007ffb75aa0000 - 0x00007ffb75aa8000 	C:\Windows\System32\PSAPI.DLL
0x00007ffb69400000 - 0x00007ffb69409000 	C:\Windows\SYSTEM32\WSOCK32.dll
0x00007ffb604a0000 - 0x00007ffb604c7000 	C:\Windows\SYSTEM32\WINMM.dll
0x00007ffb6d960000 - 0x00007ffb6d96a000 	C:\Windows\SYSTEM32\VERSION.dll
0x00007ffb75310000 - 0x00007ffb7537b000 	C:\Windows\System32\WS2_32.dll
0x00007ffb6f260000 - 0x00007ffb6f26f000 	C:\Program Files\Java\jdk1.8.0_201\jre\bin\verify.dll
0x00007ffb66990000 - 0x00007ffb669b9000 	C:\Program Files\Java\jdk1.8.0_201\jre\bin\java.dll
0x00007ffb66680000 - 0x00007ffb666b5000 	C:\Program Files\Java\jdk1.8.0_201\jre\bin\jdwp.dll
0x00007ffb6f250000 - 0x00007ffb6f258000 	C:\Program Files\Java\jdk1.8.0_201\jre\bin\npt.dll
0x00007ffb67220000 - 0x00007ffb67236000 	C:\Program Files\Java\jdk1.8.0_201\jre\bin\zip.dll
0x00007ffb743a0000 - 0x00007ffb74ae2000 	C:\Windows\System32\SHELL32.dll
0x00007ffb71540000 - 0x00007ffb71cd0000 	C:\Windows\SYSTEM32\windows.storage.dll
0x00007ffb755f0000 - 0x00007ffb75946000 	C:\Windows\System32\combase.dll
0x00007ffb72d60000 - 0x00007ffb72d8c000 	C:\Windows\SYSTEM32\Wldp.dll
0x00007ffb75980000 - 0x00007ffb75a2e000 	C:\Windows\System32\SHCORE.dll
0x00007ffb74270000 - 0x00007ffb742c5000 	C:\Windows\System32\shlwapi.dll
0x00007ffb73300000 - 0x00007ffb73326000 	C:\Windows\SYSTEM32\profapi.dll
0x00007ffb67780000 - 0x00007ffb67789000 	C:\Program Files\Java\jdk1.8.0_201\jre\bin\dt_socket.dll
0x00007ffb5e880000 - 0x00007ffb5e897000 	C:\Windows\system32\napinsp.dll
0x00007ffb5b870000 - 0x00007ffb5b88b000 	C:\Windows\system32\pnrpnsp.dll
0x00007ffb5d8b0000 - 0x00007ffb5d8c5000 	C:\Windows\system32\wshbth.dll
0x00007ffb6da90000 - 0x00007ffb6daad000 	C:\Windows\system32\NLAapi.dll
0x00007ffb727d0000 - 0x00007ffb7280b000 	C:\Windows\SYSTEM32\IPHLPAPI.DLL
0x00007ffb72ae0000 - 0x00007ffb72b4a000 	C:\Windows\System32\mswsock.dll
0x00007ffb72810000 - 0x00007ffb728db000 	C:\Windows\SYSTEM32\DNSAPI.dll
0x00007ffb75a90000 - 0x00007ffb75a98000 	C:\Windows\System32\NSI.dll
0x00007ffb5b680000 - 0x00007ffb5b692000 	C:\Windows\System32\winrnr.dll
0x00007ffb6b220000 - 0x00007ffb6b29f000 	C:\Windows\System32\fwpuclnt.dll
0x00007ffb738f0000 - 0x00007ffb73917000 	C:\Windows\System32\bcrypt.dll
0x00007ffb6a850000 - 0x00007ffb6a85a000 	C:\Windows\System32\rasadhlp.dll
0x00007ffb66e90000 - 0x00007ffb66eaa000 	C:\Program Files\Java\jdk1.8.0_201\jre\bin\net.dll
0x00007ffb6a1e0000 - 0x00007ffb6a3ce000 	C:\Windows\SYSTEM32\urlmon.dll
0x00007ffb65b30000 - 0x00007ffb65de0000 	C:\Windows\SYSTEM32\iertutil.dll
0x00007ffb72cb0000 - 0x00007ffb72cc8000 	C:\Windows\SYSTEM32\CRYPTSP.dll
0x00007ffb72480000 - 0x00007ffb724b4000 	C:\Windows\system32\rsaenh.dll
0x00007ffb73280000 - 0x00007ffb732ae000 	C:\Windows\SYSTEM32\USERENV.dll
0x00007ffb73870000 - 0x00007ffb738f0000 	C:\Windows\System32\bcryptprimitives.dll
0x00007ffb72cd0000 - 0x00007ffb72cdc000 	C:\Windows\SYSTEM32\CRYPTBASE.dll
0x00007ffb6df30000 - 0x00007ffb6df47000 	C:\Windows\SYSTEM32\dhcpcsvc6.DLL
0x00007ffb6df10000 - 0x00007ffb6df2d000 	C:\Windows\SYSTEM32\dhcpcsvc.DLL
0x00007ffb66660000 - 0x00007ffb66671000 	C:\Program Files\Java\jdk1.8.0_201\jre\bin\nio.dll
0x00007ffb66560000 - 0x00007ffb66584000 	C:\Program Files\Java\jdk1.8.0_201\jre\bin\sunec.dll
0x00007ffb674c0000 - 0x00007ffb674cb000 	C:\Program Files\Java\jdk1.8.0_201\jre\bin\sunmscapi.dll
0x00007ffb73a20000 - 0x00007ffb73b76000 	C:\Windows\System32\CRYPT32.dll

VM Arguments:
jvm_args: -agentlib:jdwp=transport=dt_socket,suspend=y,address=localhost:58162 -ea -Dtestng.eclipse.debug -Dfile.encoding=Cp1252 
java_command: org.testng.remote.RemoteTestNG -serport 58161 -protocol json -d C:\Freemium_Workspace\freemium\test-output C:\Users\GURUDE~1\AppData\Local\Temp\testng-eclipse--1266423399\testng-customsuite.xml
java_class_path (initial): C:\project\eclipse-java-oxygen-3a-win32-x86_64\eclipse\plugins\org.testng.eclipse_6.9.12.201607091356\lib\testng-remote.jar;C:\Program Files\Java\jdk1.8.0_201\jre\lib\resources.jar;C:\Program Files\Java\jdk1.8.0_201\jre\lib\rt.jar;C:\Program Files\Java\jdk1.8.0_201\jre\lib\jsse.jar;C:\Program Files\Java\jdk1.8.0_201\jre\lib\jce.jar;C:\Program Files\Java\jdk1.8.0_201\jre\lib\charsets.jar;C:\Program Files\Java\jdk1.8.0_201\jre\lib\jfr.jar;C:\Program Files\Java\jdk1.8.0_201\jre\lib\ext\access-bridge-64.jar;C:\Program Files\Java\jdk1.8.0_201\jre\lib\ext\cldrdata.jar;C:\Program Files\Java\jdk1.8.0_201\jre\lib\ext\dnsns.jar;C:\Program Files\Java\jdk1.8.0_201\jre\lib\ext\jaccess.jar;C:\Program Files\Java\jdk1.8.0_201\jre\lib\ext\jfxrt.jar;C:\Program Files\Java\jdk1.8.0_201\jre\lib\ext\localedata.jar;C:\Program Files\Java\jdk1.8.0_201\jre\lib\ext\nashorn.jar;C:\Program Files\Java\jdk1.8.0_201\jre\lib\ext\sunec.jar;C:\Program Files\Java\jdk1.8.0_201\jre\lib\ext\sunjce_provider.jar;C:\Program Files\Java\jdk1.8.0_201\jre\lib\ext\sunmscapi.jar;C:\Program Files\Java\jdk1.8.0_201\jre\lib\ext\sunpkcs11.jar;C:\Program Files\Java\jdk1.8.0_201\jre\lib\ext\zipfs.jar;C:\Freemium_Workspace\freemium\target\test-classes;C:\Freemium_Workspace\freemium\target\classes;C:\project\eclipse-java-oxygen-3a-win32-x86_64\eclipse\plugins\org.testng.eclipse_6.9.12.201607091356\lib\testng.jar;C:\project\eclipse-java-oxygen-3a-win32-x86_64\eclipse\plugins\org.testng.eclipse_6.9.12.201607091356\lib\jcommander.jar;C:\project\eclipse-java-oxygen-3a-win32-x86_64\eclipse\plugins\org.testng.eclipse_6.9.12.201607091356\lib\bsh-2.0b4.jar;C:\project\eclipse-java-oxygen-3a-win32-x86_64\eclipse\plugins\org.testng.eclipse_6.9.12.201607091356\lib\snakeyaml.jar;C:\Users\Gurudeesh\.m2\repository\junit\junit\3.8.1\junit-3.8.1.jar;C:\Users\Gurudeesh\.m2\repository\org\seleniumhq\selenium\selenium-java\3.14.0\selenium-java-3.14.0.jar;C:\Users\Gurudeesh\.m2\repository\org\seleniumhq\selenium\
Launcher Type: SUN_STANDARD

Environment Variables:
PATH=C:\Program Files\Java\jdk1.8.0_201\jre\bin;C:/Program Files/Java/jre1.8.0_201/bin/server;C:/Program Files/Java/jre1.8.0_201/bin;C:/Program Files/Java/jre1.8.0_201/lib/amd64;C:\Program Files (x86)\Common Files\Oracle\Java\javapath;C:\Windows\system32;C:\Windows;C:\Windows\System32\Wbem;C:\Windows\System32\WindowsPowerShell\v1.0\;C:\Windows\System32\OpenSSH\;C:\Program Files\Java\jre1.8.0_201\bin;C:\Users\Gurudeesh\AppData\Local\Microsoft\WindowsApps;;C:\project\eclipse-java-oxygen-3a-win32-x86_64\eclipse;
USERNAME=Gurudeesh
OS=Windows_NT
PROCESSOR_IDENTIFIER=Intel64 Family 6 Model 60 Stepping 3, GenuineIntel



---------------  S Y S T E M  ---------------

OS: Windows 10.0 , 64 bit Build 19041 (10.0.19041.804)

CPU:total 4 (initial active 4) (2 cores per cpu, 2 threads per core) family 6 model 60 stepping 3, cmov, cx8, fxsr, mmx, sse, sse2, sse3, ssse3, sse4.1, sse4.2, popcnt, avx, avx2, aes, clmul, erms, lzcnt, ht, tsc, tscinvbit, bmi1, bmi2

Memory: 4k page, physical 6208284k(710776k free), swap 19806256k(2883640k free)

vm_info: Java HotSpot(TM) 64-Bit Server VM (25.201-b09) for windows-amd64 JRE (1.8.0_201-b09), built on Dec 15 2018 18:36:39 by "java_re" with MS VC++ 10.0 (VS2010)

time: Thu Mar 11 01:34:23 2021
timezone: Pacific Standard Time
elapsed time: 262 seconds (0d 0h 4m 22s)

