#
# A fatal error has been detected by the Java Runtime Environment:
#
#  EXCEPTION_ACCESS_VIOLATION (0xc0000005) at pc=0x0000000068cef4a5, pid=37144, tid=0x0000000000004f28
#
# JRE version: Java(TM) SE Runtime Environment (8.0_201-b09) (build 1.8.0_201-b09)
# Java VM: Java HotSpot(TM) 64-Bit Server VM (25.201-b09 mixed mode windows-amd64 compressed oops)
# Problematic frame:
# V  [jvm.dll+0xff4a5]
#
# Failed to write core dump. Minidumps are not enabled by default on client versions of Windows
#
# If you would like to submit a bug report, please visit:
#   http://bugreport.java.com/bugreport/crash.jsp
#

---------------  T H R E A D  ---------------

Current thread (0x00000000162b8800):  VMThread [stack: 0x0000000017340000,0x0000000017440000] [id=20264]

siginfo: ExceptionCode=0xc0000005, reading address 0x0000000000000008

Registers:
RAX=0x0000000000000000, RBX=0x0000000015e5dde8, RCX=0x0000000000000000, RDX=0x0000000000000000
RSP=0x000000001743f080, RBP=0x00000000000000f8, RSI=0x0000000069404dd0, RDI=0x000000001743f360
R8 =0x0000000000000000, R9 =0x0000000015e5dde8, R10=0x000000000000ca26, R11=0x0000000015e5ea28
R12=0x0000000000000001, R13=0x0000000000000001, R14=0x00000000000003d8, R15=0x000000001743f180
RIP=0x0000000068cef4a5, EFLAGS=0x0000000000010206

Top of Stack: (sp=0x000000001743f080)
0x000000001743f080:   000000001743f360 0000000068cec126
0x000000001743f090:   00000000000000ee 0000000068cf01f9
0x000000001743f0a0:   000000001743f360 0000000068cee635
0x000000001743f0b0:   000000001743f360 0000000068cee635
0x000000001743f0c0:   00000152793bb34d 0000000068cefaa2
0x000000001743f0d0:   000000001743f190 0000000000000001
0x000000001743f0e0:   000000001743f1a0 000000001743f360
0x000000001743f0f0:   000000001743f1d0 0000000068cf26d0
0x000000001743f100:   00000000000000f8 00000000000000f8
0x000000001743f110:   000000001743f180 000000001743f190
0x000000001743f120:   00000000000000f8 0000000000000137
0x000000001743f130:   000000001743f190 0000000000000137
0x000000001743f140:   0000000015e5eb58 0000000068cf322f
0x000000001743f150:   000000001743f360 000000001743f1d0
0x000000001743f160:   00000000161c55c0 00000000161c5660
0x000000001743f170:   000000000000000c 0000000000000000 

Instructions: (pc=0x0000000068cef4a5)
0x0000000068cef485:   8b d2 e8 54 7f ff ff 48 8b cb 8b d0 e8 5a 78 ff
0x0000000068cef495:   ff 48 8d 35 33 59 71 00 48 63 c8 48 8b 44 cb 50
0x0000000068cef4a5:   0f b6 48 08 8b 05 05 59 71 00 80 f9 4c 74 2b 80
0x0000000068cef4b5:   f9 5b 74 26 80 f9 4a 74 18 80 f9 44 74 13 48 8d 


Register to memory mapping:

RAX=0x0000000000000000 is an unknown value
RBX=0x0000000015e5dde8 is pointing into metadata
RCX=0x0000000000000000 is an unknown value
RDX=0x0000000000000000 is an unknown value
RSP=0x000000001743f080 is an unknown value
RBP=0x00000000000000f8 is an unknown value
RSI=0x0000000069404dd0 is an unknown value
RDI=0x000000001743f360 is an unknown value
R8 =0x0000000000000000 is an unknown value
R9 =0x0000000015e5dde8 is pointing into metadata
R10=0x000000000000ca26 is an unknown value
R11=0x0000000015e5ea28 is pointing into metadata
R12=0x0000000000000001 is an unknown value
R13=0x0000000000000001 is an unknown value
R14=0x00000000000003d8 is an unknown value
R15=0x000000001743f180 is an unknown value


Stack: [0x0000000017340000,0x0000000017440000],  sp=0x000000001743f080,  free space=1020k
Native frames: (J=compiled Java code, j=interpreted, Vv=VM code, C=native code)
V  [jvm.dll+0xff4a5]
V  [jvm.dll+0x1026d0]
V  [jvm.dll+0x10322f]
V  [jvm.dll+0x103a75]
V  [jvm.dll+0x103cc2]
V  [jvm.dll+0xc51ae]
V  [jvm.dll+0xc5838]
V  [jvm.dll+0xc596a]
V  [jvm.dll+0xc5b68]
V  [jvm.dll+0x10fb3a]
V  [jvm.dll+0x12d45f]
V  [jvm.dll+0x1bf61f]
V  [jvm.dll+0x24d407]
V  [jvm.dll+0x24c6a6]
V  [jvm.dll+0x24cb41]
V  [jvm.dll+0x24cd5e]
V  [jvm.dll+0x29fb6a]
C  [msvcr100.dll+0x21db7]
C  [msvcr100.dll+0x21e53]
C  [KERNEL32.DLL+0x17034]
C  [ntdll.dll+0x4d241]

VM_Operation (0x0000000017d7f2b0): GetOrSetLocal, mode: safepoint, requested by thread 0x0000000016306800


---------------  P R O C E S S  ---------------

Java Threads: ( => current thread )
  0x00000000192b2000 JavaThread "Okio Watchdog" daemon [_thread_blocked, id=39444, stack(0x000000001b150000,0x000000001b250000)]
  0x00000000192e2800 JavaThread "OkHttp ConnectionPool" daemon [_thread_blocked, id=40540, stack(0x000000001b050000,0x000000001b150000)]
  0x000000001929c800 JavaThread "Exec Stream Pumper" daemon [_thread_in_native, id=32012, stack(0x000000001ac50000,0x000000001ad50000)]
  0x00000000193db000 JavaThread "Exec Stream Pumper" daemon [_thread_in_native, id=6200, stack(0x000000001ab50000,0x000000001ac50000)]
  0x000000001943a800 JavaThread "Exec Default Executor" daemon [_thread_in_native, id=32876, stack(0x000000001a650000,0x000000001a750000)]
  0x0000000018c82000 JavaThread "ReaderThread" [_thread_in_native, id=33008, stack(0x0000000019180000,0x0000000019280000)]
  0x00000000182d4000 JavaThread "Service Thread" daemon [_thread_blocked, id=17456, stack(0x0000000018680000,0x0000000018780000)]
  0x0000000016328000 JavaThread "C1 CompilerThread2" daemon [_thread_blocked, id=34304, stack(0x0000000018180000,0x0000000018280000)]
  0x0000000016327000 JavaThread "C2 CompilerThread1" daemon [_thread_blocked, id=40744, stack(0x0000000018080000,0x0000000018180000)]
  0x0000000016325800 JavaThread "C2 CompilerThread0" daemon [_thread_blocked, id=39068, stack(0x0000000017f80000,0x0000000018080000)]
  0x0000000016320000 JavaThread "JDWP Command Reader" daemon [_thread_in_native, id=25528, stack(0x0000000017e80000,0x0000000017f80000)]
  0x0000000016312000 JavaThread "JDWP Event Helper Thread" daemon [_thread_blocked, id=40824, stack(0x0000000017d80000,0x0000000017e80000)]
  0x0000000016306800 JavaThread "JDWP Transport Listener: dt_socket" daemon [_thread_blocked, id=39912, stack(0x0000000017c80000,0x0000000017d80000)]
  0x00000000162fa000 JavaThread "Attach Listener" daemon [_thread_blocked, id=37952, stack(0x0000000017840000,0x0000000017940000)]
  0x00000000162f8800 JavaThread "Signal Dispatcher" daemon [_thread_blocked, id=36700, stack(0x0000000017740000,0x0000000017840000)]
  0x0000000002a0a800 JavaThread "Finalizer" daemon [_thread_blocked, id=40480, stack(0x0000000017540000,0x0000000017640000)]
  0x00000000162da000 JavaThread "Reference Handler" daemon [_thread_blocked, id=34440, stack(0x0000000017440000,0x0000000017540000)]
  0x0000000002915000 JavaThread "main" [_thread_blocked, id=30756, stack(0x0000000002810000,0x0000000002910000)]

Other Threads:
=>0x00000000162b8800 VMThread [stack: 0x0000000017340000,0x0000000017440000] [id=20264]
  0x00000000182a4800 WatcherThread [stack: 0x0000000018780000,0x0000000018880000] [id=35328]

VM state:at safepoint (normal execution)

VM Mutex/Monitor currently owned by a thread:  ([mutex/lock_event])
[0x0000000002912980] Threads_lock - owner thread: 0x00000000162b8800

heap address: 0x00000000a1400000, size: 1516 MB, Compressed Oops mode: 32-bit
Narrow klass base: 0x0000000000000000, Narrow klass shift: 3
Compressed class space size: 1073741824 Address: 0x0000000100000000

Heap:
 PSYoungGen      total 30208K, used 19184K [0x00000000e0700000, 0x00000000e2d80000, 0x0000000100000000)
  eden space 23040K, 77% used [0x00000000e0700000,0x00000000e188c4b0,0x00000000e1d80000)
  from space 7168K, 16% used [0x00000000e1e00000,0x00000000e1f2fbf8,0x00000000e2500000)
  to   space 8192K, 0% used [0x00000000e2580000,0x00000000e2580000,0x00000000e2d80000)
 ParOldGen       total 65536K, used 9583K [0x00000000a1400000, 0x00000000a5400000, 0x00000000e0700000)
  object space 65536K, 14% used [0x00000000a1400000,0x00000000a1d5bcf8,0x00000000a5400000)
 Metaspace       used 18992K, capacity 19678K, committed 19840K, reserved 1067008K
  class space    used 2421K, capacity 2633K, committed 2688K, reserved 1048576K

Card table byte_map: [0x0000000011dd0000,0x00000000120d0000] byte_map_base: 0x00000000118c6000

Marking Bits: (ParMarkBitMap*) 0x0000000069414ce0
 Begin Bits: [0x00000000126d0000, 0x0000000013e80000)
 End Bits:   [0x0000000013e80000, 0x0000000015630000)

Polling page: 0x00000000007f0000

CodeCache: size=245760Kb used=2569Kb max_used=2569Kb free=243190Kb
 bounds [0x0000000002a10000, 0x0000000002ca0000, 0x0000000011a10000]
 total_blobs=1018 nmethods=591 adapters=348
 compilation: enabled

Compilation events (10 events):
Event: 0.860 Thread 0x0000000016328000  521       3       java.util.ArrayDeque::add (7 bytes)
Event: 0.860 Thread 0x0000000016328000 nmethod 521 0x0000000002c78290 code [0x0000000002c78400, 0x0000000002c785a8]
Event: 0.860 Thread 0x0000000016328000  522       3       java.util.ArrayDeque::addLast (53 bytes)
Event: 0.861 Thread 0x0000000016328000 nmethod 522 0x0000000002c78650 code [0x0000000002c787e0, 0x0000000002c78c18]
Event: 0.863 Thread 0x0000000016328000  523   !   3       java.util.zip.ZipFile::releaseInflater (41 bytes)
Event: 0.863 Thread 0x0000000016328000 nmethod 523 0x0000000002c78dd0 code [0x0000000002c78f80, 0x0000000002c796d8]
Event: 0.864 Thread 0x0000000016325800  524       4       java.lang.String::substring (79 bytes)
Event: 0.869 Thread 0x0000000016325800 nmethod 524 0x0000000002c7cc50 code [0x0000000002c7cdc0, 0x0000000002c7d398]
Event: 0.871 Thread 0x0000000016327000  525       4       sun.net.www.ParseUtil::encodePath (336 bytes)
Event: 0.891 Thread 0x0000000016327000 nmethod 525 0x0000000002c7fbd0 code [0x0000000002c7fd80, 0x0000000002c80ad8]

GC Heap History (10 events):
Event: 16.610 GC heap before
{Heap before GC invocations=3 (full 0):
 PSYoungGen      total 28672K, used 28656K [0x00000000e0700000, 0x00000000e2700000, 0x0000000100000000)
  eden space 24576K, 100% used [0x00000000e0700000,0x00000000e1f00000,0x00000000e1f00000)
  from space 4096K, 99% used [0x00000000e2300000,0x00000000e26fc040,0x00000000e2700000)
  to   space 4096K, 0% used [0x00000000e1f00000,0x00000000e1f00000,0x00000000e2300000)
 ParOldGen       total 65536K, used 2677K [0x00000000a1400000, 0x00000000a5400000, 0x00000000e0700000)
  object space 65536K, 4% used [0x00000000a1400000,0x00000000a169d6d8,0x00000000a5400000)
 Metaspace       used 17818K, capacity 18552K, committed 18688K, reserved 1064960K
  class space    used 2271K, capacity 2472K, committed 2560K, reserved 1048576K
Event: 16.617 GC heap after
Heap after GC invocations=3 (full 0):
 PSYoungGen      total 28672K, used 4092K [0x00000000e0700000, 0x00000000e2700000, 0x0000000100000000)
  eden space 24576K, 0% used [0x00000000e0700000,0x00000000e0700000,0x00000000e1f00000)
  from space 4096K, 99% used [0x00000000e1f00000,0x00000000e22ff088,0x00000000e2300000)
  to   space 4096K, 0% used [0x00000000e2300000,0x00000000e2300000,0x00000000e2700000)
 ParOldGen       total 65536K, used 5266K [0x00000000a1400000, 0x00000000a5400000, 0x00000000e0700000)
  object space 65536K, 8% used [0x00000000a1400000,0x00000000a1924898,0x00000000a5400000)
 Metaspace       used 17818K, capacity 18552K, committed 18688K, reserved 1064960K
  class space    used 2271K, capacity 2472K, committed 2560K, reserved 1048576K
}
Event: 22.849 GC heap before
{Heap before GC invocations=4 (full 0):
 PSYoungGen      total 28672K, used 28668K [0x00000000e0700000, 0x00000000e2700000, 0x0000000100000000)
  eden space 24576K, 100% used [0x00000000e0700000,0x00000000e1f00000,0x00000000e1f00000)
  from space 4096K, 99% used [0x00000000e1f00000,0x00000000e22ff088,0x00000000e2300000)
  to   space 4096K, 0% used [0x00000000e2300000,0x00000000e2300000,0x00000000e2700000)
 ParOldGen       total 65536K, used 5266K [0x00000000a1400000, 0x00000000a5400000, 0x00000000e0700000)
  object space 65536K, 8% used [0x00000000a1400000,0x00000000a1924898,0x00000000a5400000)
 Metaspace       used 18602K, capacity 19288K, committed 19584K, reserved 1067008K
  class space    used 2366K, capacity 2568K, committed 2688K, reserved 1048576K
Event: 22.853 GC heap after
Heap after GC invocations=4 (full 0):
 PSYoungGen      total 28672K, used 4064K [0x00000000e0700000, 0x00000000e2700000, 0x0000000100000000)
  eden space 24576K, 0% used [0x00000000e0700000,0x00000000e0700000,0x00000000e1f00000)
  from space 4096K, 99% used [0x00000000e2300000,0x00000000e26f8030,0x00000000e2700000)
  to   space 4096K, 0% used [0x00000000e1f00000,0x00000000e1f00000,0x00000000e2300000)
 ParOldGen       total 65536K, used 5716K [0x00000000a1400000, 0x00000000a5400000, 0x00000000e0700000)
  object space 65536K, 8% used [0x00000000a1400000,0x00000000a19953e8,0x00000000a5400000)
 Metaspace       used 18602K, capacity 19288K, committed 19584K, reserved 1067008K
  class space    used 2366K, capacity 2568K, committed 2688K, reserved 1048576K
}
Event: 77.192 GC heap before
{Heap before GC invocations=5 (full 0):
 PSYoungGen      total 28672K, used 28640K [0x00000000e0700000, 0x00000000e2700000, 0x0000000100000000)
  eden space 24576K, 100% used [0x00000000e0700000,0x00000000e1f00000,0x00000000e1f00000)
  from space 4096K, 99% used [0x00000000e2300000,0x00000000e26f8030,0x00000000e2700000)
  to   space 4096K, 0% used [0x00000000e1f00000,0x00000000e1f00000,0x00000000e2300000)
 ParOldGen       total 65536K, used 5716K [0x00000000a1400000, 0x00000000a5400000, 0x00000000e0700000)
  object space 65536K, 8% used [0x00000000a1400000,0x00000000a19953e8,0x00000000a5400000)
 Metaspace       used 18965K, capacity 19678K, committed 19840K, reserved 1067008K
  class space    used 2419K, capacity 2633K, committed 2688K, reserved 1048576K
Event: 77.196 GC heap after
Heap after GC invocations=5 (full 0):
 PSYoungGen      total 28160K, used 4094K [0x00000000e0700000, 0x00000000e2c80000, 0x0000000100000000)
  eden space 24064K, 0% used [0x00000000e0700000,0x00000000e0700000,0x00000000e1e80000)
  from space 4096K, 99% used [0x00000000e1f00000,0x00000000e22ff858,0x00000000e2300000)
  to   space 7168K, 0% used [0x00000000e2580000,0x00000000e2580000,0x00000000e2c80000)
 ParOldGen       total 65536K, used 6510K [0x00000000a1400000, 0x00000000a5400000, 0x00000000e0700000)
  object space 65536K, 9% used [0x00000000a1400000,0x00000000a1a5b9e8,0x00000000a5400000)
 Metaspace       used 18965K, capacity 19678K, committed 19840K, reserved 1067008K
  class space    used 2419K, capacity 2633K, committed 2688K, reserved 1048576K
}
Event: 110.503 GC heap before
{Heap before GC invocations=6 (full 0):
 PSYoungGen      total 28160K, used 28158K [0x00000000e0700000, 0x00000000e2c80000, 0x0000000100000000)
  eden space 24064K, 100% used [0x00000000e0700000,0x00000000e1e80000,0x00000000e1e80000)
  from space 4096K, 99% used [0x00000000e1f00000,0x00000000e22ff858,0x00000000e2300000)
  to   space 7168K, 0% used [0x00000000e2580000,0x00000000e2580000,0x00000000e2c80000)
 ParOldGen       total 65536K, used 6510K [0x00000000a1400000, 0x00000000a5400000, 0x00000000e0700000)
  object space 65536K, 9% used [0x00000000a1400000,0x00000000a1a5b9e8,0x00000000a5400000)
 Metaspace       used 18965K, capacity 19678K, committed 19840K, reserved 1067008K
  class space    used 2419K, capacity 2633K, committed 2688K, reserved 1048576K
Event: 110.507 GC heap after
Heap after GC invocations=6 (full 0):
 PSYoungGen      total 30208K, used 4271K [0x00000000e0700000, 0x00000000e2c00000, 0x0000000100000000)
  eden space 23552K, 0% used [0x00000000e0700000,0x00000000e0700000,0x00000000e1e00000)
  from space 6656K, 64% used [0x00000000e2580000,0x00000000e29abc18,0x00000000e2c00000)
  to   space 7168K, 0% used [0x00000000e1e00000,0x00000000e1e00000,0x00000000e2500000)
 ParOldGen       total 65536K, used 6510K [0x00000000a1400000, 0x00000000a5400000, 0x00000000e0700000)
  object space 65536K, 9% used [0x00000000a1400000,0x00000000a1a5b9e8,0x00000000a5400000)
 Metaspace       used 18965K, capacity 19678K, committed 19840K, reserved 1067008K
  class space    used 2419K, capacity 2633K, committed 2688K, reserved 1048576K
}
Event: 133.567 GC heap before
{Heap before GC invocations=7 (full 0):
 PSYoungGen      total 30208K, used 27823K [0x00000000e0700000, 0x00000000e2c00000, 0x0000000100000000)
  eden space 23552K, 100% used [0x00000000e0700000,0x00000000e1e00000,0x00000000e1e00000)
  from space 6656K, 64% used [0x00000000e2580000,0x00000000e29abc18,0x00000000e2c00000)
  to   space 7168K, 0% used [0x00000000e1e00000,0x00000000e1e00000,0x00000000e2500000)
 ParOldGen       total 65536K, used 6510K [0x00000000a1400000, 0x00000000a5400000, 0x00000000e0700000)
  object space 65536K, 9% used [0x00000000a1400000,0x00000000a1a5b9e8,0x00000000a5400000)
 Metaspace       used 18965K, capacity 19678K, committed 19840K, reserved 1067008K
  class space    used 2419K, capacity 2633K, committed 2688K, reserved 1048576K
Event: 133.571 GC heap after
Heap after GC invocations=7 (full 0):
 PSYoungGen      total 30208K, used 1214K [0x00000000e0700000, 0x00000000e2d80000, 0x0000000100000000)
  eden space 23040K, 0% used [0x00000000e0700000,0x00000000e0700000,0x00000000e1d80000)
  from space 7168K, 16% used [0x00000000e1e00000,0x00000000e1f2fbf8,0x00000000e2500000)
  to   space 8192K, 0% used [0x00000000e2580000,0x00000000e2580000,0x00000000e2d80000)
 ParOldGen       total 65536K, used 9583K [0x00000000a1400000, 0x00000000a5400000, 0x00000000e0700000)
  object space 65536K, 14% used [0x00000000a1400000,0x00000000a1d5bcf8,0x00000000a5400000)
 Metaspace       used 18965K, capacity 19678K, committed 19840K, reserved 1067008K
  class space    used 2419K, capacity 2633K, committed 2688K, reserved 1048576K
}

Deoptimization events (2 events):
Event: 0.436 Thread 0x0000000002915000 Uncommon trap: reason=unstable_if action=reinterpret pc=0x0000000002b4fe58 method=java.lang.String.startsWith(Ljava/lang/String;I)Z @ 25
Event: 0.592 Thread 0x0000000002915000 Uncommon trap: reason=unstable_if action=reinterpret pc=0x0000000002bcf9e8 method=java.lang.String.indexOf([CII[CIII)I @ 3

Classes redefined (2 events):
Event: 271.317 Thread 0x00000000162b8800 redefined class name=testcases.Home_TestCase, count=1
Event: 427.596 Thread 0x00000000162b8800 redefined class name=testcases.Home_TestCase, count=2

Internal exceptions (10 events):
Event: 133.679 Thread 0x0000000002915000 Exception <a 'java/net/SocketTimeoutException': Read timed out> (0x00000000e0856460) thrown at [C:\re\workspace\8-2-build-windows-amd64-cygwin\jdk8u201\12322\hotspot\src\share\vm\prims\jni.cpp, line 735]
Event: 133.756 Thread 0x0000000002915000 Exception <a 'java/net/SocketTimeoutException': Read timed out> (0x00000000e08c0390) thrown at [C:\re\workspace\8-2-build-windows-amd64-cygwin\jdk8u201\12322\hotspot\src\share\vm\prims\jni.cpp, line 735]
Event: 133.850 Thread 0x0000000002915000 Exception <a 'java/net/SocketTimeoutException': Read timed out> (0x00000000e08d3860) thrown at [C:\re\workspace\8-2-build-windows-amd64-cygwin\jdk8u201\12322\hotspot\src\share\vm\prims\jni.cpp, line 735]
Event: 133.974 Thread 0x0000000002915000 Exception <a 'java/net/SocketTimeoutException': Read timed out> (0x00000000e094a0e0) thrown at [C:\re\workspace\8-2-build-windows-amd64-cygwin\jdk8u201\12322\hotspot\src\share\vm\prims\jni.cpp, line 735]
Event: 134.508 Thread 0x0000000002915000 Exception <a 'java/net/SocketTimeoutException': Read timed out> (0x00000000e095c548) thrown at [C:\re\workspace\8-2-build-windows-amd64-cygwin\jdk8u201\12322\hotspot\src\share\vm\prims\jni.cpp, line 735]
Event: 135.498 Thread 0x0000000002915000 Exception <a 'java/net/SocketTimeoutException': Read timed out> (0x00000000e1094408) thrown at [C:\re\workspace\8-2-build-windows-amd64-cygwin\jdk8u201\12322\hotspot\src\share\vm\prims\jni.cpp, line 735]
Event: 135.529 Thread 0x0000000002915000 Exception <a 'java/net/SocketTimeoutException': Read timed out> (0x00000000e10a6218) thrown at [C:\re\workspace\8-2-build-windows-amd64-cygwin\jdk8u201\12322\hotspot\src\share\vm\prims\jni.cpp, line 735]
Event: 136.187 Thread 0x0000000002915000 Exception <a 'java/net/SocketTimeoutException': Read timed out> (0x00000000e17cf758) thrown at [C:\re\workspace\8-2-build-windows-amd64-cygwin\jdk8u201\12322\hotspot\src\share\vm\prims\jni.cpp, line 735]
Event: 136.219 Thread 0x0000000002915000 Exception <a 'java/net/SocketTimeoutException': Read timed out> (0x00000000e17ed4a8) thrown at [C:\re\workspace\8-2-build-windows-amd64-cygwin\jdk8u201\12322\hotspot\src\share\vm\prims\jni.cpp, line 735]
Event: 313.754 Thread 0x0000000002915000 Exception <a 'java/net/SocketTimeoutException': Read timed out> (0x00000000e180ddd8) thrown at [C:\re\workspace\8-2-build-windows-amd64-cygwin\jdk8u201\12322\hotspot\src\share\vm\prims\jni.cpp, line 735]

Events (10 events):
Event: 427.699 Executing VM operation: ChangeBreakpoints done
Event: 427.726 Executing VM operation: ChangeBreakpoints
Event: 427.726 Executing VM operation: ChangeBreakpoints done
Event: 427.731 Executing VM operation: ChangeBreakpoints
Event: 427.731 Executing VM operation: ChangeBreakpoints done
Event: 427.809 Executing VM operation: GetOwnedMonitorInfo
Event: 427.809 Executing VM operation: GetOwnedMonitorInfo done
Event: 427.809 Executing VM operation: GetCurrentContendedMonitor
Event: 427.809 Executing VM operation: GetCurrentContendedMonitor done
Event: 427.810 Executing VM operation: GetOrSetLocal


Dynamic libraries:
0x00007ff63fe90000 - 0x00007ff63fec7000 	C:\Program Files\Java\jdk1.8.0_201\bin\javaw.exe
0x00007ffb75c90000 - 0x00007ffb75e86000 	C:\Windows\SYSTEM32\ntdll.dll
0x00007ffb74ba0000 - 0x00007ffb74c5d000 	C:\Windows\System32\KERNEL32.DLL
0x00007ffb735a0000 - 0x00007ffb73869000 	C:\Windows\System32\KERNELBASE.dll
0x00007ffb74af0000 - 0x00007ffb74b9c000 	C:\Windows\System32\ADVAPI32.dll
0x00007ffb74cd0000 - 0x00007ffb74d6e000 	C:\Windows\System32\msvcrt.dll
0x00007ffb73d10000 - 0x00007ffb73dac000 	C:\Windows\System32\sechost.dll
0x00007ffb75410000 - 0x00007ffb7553b000 	C:\Windows\System32\RPCRT4.dll
0x00007ffb73e90000 - 0x00007ffb74030000 	C:\Windows\System32\USER32.dll
0x00007ffb733d0000 - 0x00007ffb733f2000 	C:\Windows\System32\win32u.dll
0x00007ffb753e0000 - 0x00007ffb7540a000 	C:\Windows\System32\GDI32.dll
0x00007ffb73b80000 - 0x00007ffb73c8b000 	C:\Windows\System32\gdi32full.dll
0x00007ffb73400000 - 0x00007ffb7349d000 	C:\Windows\System32\msvcp_win.dll
0x00007ffb734a0000 - 0x00007ffb735a0000 	C:\Windows\System32\ucrtbase.dll
0x00007ffb5e8c0000 - 0x00007ffb5eb5b000 	C:\Windows\WinSxS\amd64_microsoft.windows.common-controls_6595b64144ccf1df_6.0.19041.746_none_ca02b4b61b8320a4\COMCTL32.dll
0x00007ffb75950000 - 0x00007ffb75980000 	C:\Windows\System32\IMM32.DLL
0x00000000694a0000 - 0x0000000069571000 	C:\Program Files\Java\jdk1.8.0_201\jre\bin\msvcr100.dll
0x0000000068bf0000 - 0x0000000069494000 	C:\Program Files\Java\jdk1.8.0_201\jre\bin\server\jvm.dll
0x00007ffb75aa0000 - 0x00007ffb75aa8000 	C:\Windows\System32\PSAPI.DLL
0x00007ffb604a0000 - 0x00007ffb604c7000 	C:\Windows\SYSTEM32\WINMM.dll
0x00007ffb6d960000 - 0x00007ffb6d96a000 	C:\Windows\SYSTEM32\VERSION.dll
0x00007ffb69400000 - 0x00007ffb69409000 	C:\Windows\SYSTEM32\WSOCK32.dll
0x00007ffb75310000 - 0x00007ffb7537b000 	C:\Windows\System32\WS2_32.dll
0x00007ffb69250000 - 0x00007ffb6925f000 	C:\Program Files\Java\jdk1.8.0_201\jre\bin\verify.dll
0x00007ffb66710000 - 0x00007ffb66739000 	C:\Program Files\Java\jdk1.8.0_201\jre\bin\java.dll
0x00007ffb65170000 - 0x00007ffb651a5000 	C:\Program Files\Java\jdk1.8.0_201\jre\bin\jdwp.dll
0x00007ffb67780000 - 0x00007ffb67788000 	C:\Program Files\Java\jdk1.8.0_201\jre\bin\npt.dll
0x00007ffb674c0000 - 0x00007ffb674d6000 	C:\Program Files\Java\jdk1.8.0_201\jre\bin\zip.dll
0x00007ffb743a0000 - 0x00007ffb74ae2000 	C:\Windows\System32\SHELL32.dll
0x00007ffb71540000 - 0x00007ffb71cd0000 	C:\Windows\SYSTEM32\windows.storage.dll
0x00007ffb755f0000 - 0x00007ffb75946000 	C:\Windows\System32\combase.dll
0x00007ffb72d60000 - 0x00007ffb72d8c000 	C:\Windows\SYSTEM32\Wldp.dll
0x00007ffb75980000 - 0x00007ffb75a2e000 	C:\Windows\System32\SHCORE.dll
0x00007ffb74270000 - 0x00007ffb742c5000 	C:\Windows\System32\shlwapi.dll
0x00007ffb73300000 - 0x00007ffb73326000 	C:\Windows\SYSTEM32\profapi.dll
0x00007ffb672f0000 - 0x00007ffb672f9000 	C:\Program Files\Java\jdk1.8.0_201\jre\bin\dt_socket.dll
0x00007ffb5e880000 - 0x00007ffb5e897000 	C:\Windows\system32\napinsp.dll
0x00007ffb5b870000 - 0x00007ffb5b88b000 	C:\Windows\system32\pnrpnsp.dll
0x00007ffb5d8b0000 - 0x00007ffb5d8c5000 	C:\Windows\system32\wshbth.dll
0x00007ffb6da90000 - 0x00007ffb6daad000 	C:\Windows\system32\NLAapi.dll
0x00007ffb727d0000 - 0x00007ffb7280b000 	C:\Windows\SYSTEM32\IPHLPAPI.DLL
0x00007ffb72ae0000 - 0x00007ffb72b4a000 	C:\Windows\System32\mswsock.dll
0x00007ffb72810000 - 0x00007ffb728db000 	C:\Windows\SYSTEM32\DNSAPI.dll
0x00007ffb75a90000 - 0x00007ffb75a98000 	C:\Windows\System32\NSI.dll
0x00007ffb5b680000 - 0x00007ffb5b692000 	C:\Windows\System32\winrnr.dll
0x00007ffb6b220000 - 0x00007ffb6b29f000 	C:\Windows\System32\fwpuclnt.dll
0x00007ffb738f0000 - 0x00007ffb73917000 	C:\Windows\System32\bcrypt.dll
0x00007ffb6a850000 - 0x00007ffb6a85a000 	C:\Windows\System32\rasadhlp.dll
0x00007ffb66470000 - 0x00007ffb6648a000 	C:\Program Files\Java\jdk1.8.0_201\jre\bin\net.dll
0x00007ffb6a1e0000 - 0x00007ffb6a3ce000 	C:\Windows\SYSTEM32\urlmon.dll
0x00007ffb65b30000 - 0x00007ffb65de0000 	C:\Windows\SYSTEM32\iertutil.dll
0x00007ffb72cb0000 - 0x00007ffb72cc8000 	C:\Windows\SYSTEM32\CRYPTSP.dll
0x00007ffb72480000 - 0x00007ffb724b4000 	C:\Windows\system32\rsaenh.dll
0x00007ffb73280000 - 0x00007ffb732ae000 	C:\Windows\SYSTEM32\USERENV.dll
0x00007ffb73870000 - 0x00007ffb738f0000 	C:\Windows\System32\bcryptprimitives.dll
0x00007ffb72cd0000 - 0x00007ffb72cdc000 	C:\Windows\SYSTEM32\CRYPTBASE.dll
0x00007ffb6df30000 - 0x00007ffb6df47000 	C:\Windows\SYSTEM32\dhcpcsvc6.DLL
0x00007ffb6df10000 - 0x00007ffb6df2d000 	C:\Windows\SYSTEM32\dhcpcsvc.DLL
0x00007ffb66370000 - 0x00007ffb66381000 	C:\Program Files\Java\jdk1.8.0_201\jre\bin\nio.dll
0x00007ffb651f0000 - 0x00007ffb65214000 	C:\Program Files\Java\jdk1.8.0_201\jre\bin\sunec.dll
0x00007ffb671f0000 - 0x00007ffb671fb000 	C:\Program Files\Java\jdk1.8.0_201\jre\bin\sunmscapi.dll
0x00007ffb73a20000 - 0x00007ffb73b76000 	C:\Windows\System32\CRYPT32.dll
0x00007ffb6d010000 - 0x00007ffb6d1f4000 	C:\Windows\SYSTEM32\dbghelp.dll

VM Arguments:
jvm_args: -agentlib:jdwp=transport=dt_socket,suspend=y,address=localhost:50889 -ea -Dtestng.eclipse.debug -Dfile.encoding=Cp1252 
java_command: org.testng.remote.RemoteTestNG -serport 50888 -protocol json -d C:\Freemium_Workspace\freemium\test-output C:\Users\GURUDE~1\AppData\Local\Temp\testng-eclipse-1039559498\testng-customsuite.xml
java_class_path (initial): C:\project\eclipse-java-oxygen-3a-win32-x86_64\eclipse\plugins\org.testng.eclipse_6.9.12.201607091356\lib\testng-remote.jar;C:\Program Files\Java\jdk1.8.0_201\jre\lib\resources.jar;C:\Program Files\Java\jdk1.8.0_201\jre\lib\rt.jar;C:\Program Files\Java\jdk1.8.0_201\jre\lib\jsse.jar;C:\Program Files\Java\jdk1.8.0_201\jre\lib\jce.jar;C:\Program Files\Java\jdk1.8.0_201\jre\lib\charsets.jar;C:\Program Files\Java\jdk1.8.0_201\jre\lib\jfr.jar;C:\Program Files\Java\jdk1.8.0_201\jre\lib\ext\access-bridge-64.jar;C:\Program Files\Java\jdk1.8.0_201\jre\lib\ext\cldrdata.jar;C:\Program Files\Java\jdk1.8.0_201\jre\lib\ext\dnsns.jar;C:\Program Files\Java\jdk1.8.0_201\jre\lib\ext\jaccess.jar;C:\Program Files\Java\jdk1.8.0_201\jre\lib\ext\jfxrt.jar;C:\Program Files\Java\jdk1.8.0_201\jre\lib\ext\localedata.jar;C:\Program Files\Java\jdk1.8.0_201\jre\lib\ext\nashorn.jar;C:\Program Files\Java\jdk1.8.0_201\jre\lib\ext\sunec.jar;C:\Program Files\Java\jdk1.8.0_201\jre\lib\ext\sunjce_provider.jar;C:\Program Files\Java\jdk1.8.0_201\jre\lib\ext\sunmscapi.jar;C:\Program Files\Java\jdk1.8.0_201\jre\lib\ext\sunpkcs11.jar;C:\Program Files\Java\jdk1.8.0_201\jre\lib\ext\zipfs.jar;C:\Freemium_Workspace\freemium\target\test-classes;C:\Freemium_Workspace\freemium\target\classes;C:\project\eclipse-java-oxygen-3a-win32-x86_64\eclipse\plugins\org.testng.eclipse_6.9.12.201607091356\lib\testng.jar;C:\project\eclipse-java-oxygen-3a-win32-x86_64\eclipse\plugins\org.testng.eclipse_6.9.12.201607091356\lib\jcommander.jar;C:\project\eclipse-java-oxygen-3a-win32-x86_64\eclipse\plugins\org.testng.eclipse_6.9.12.201607091356\lib\bsh-2.0b4.jar;C:\project\eclipse-java-oxygen-3a-win32-x86_64\eclipse\plugins\org.testng.eclipse_6.9.12.201607091356\lib\snakeyaml.jar;C:\Users\Gurudeesh\.m2\repository\junit\junit\3.8.1\junit-3.8.1.jar;C:\Users\Gurudeesh\.m2\repository\org\seleniumhq\selenium\selenium-java\3.14.0\selenium-java-3.14.0.jar;C:\Users\Gurudeesh\.m2\repository\org\seleniumhq\selenium\
Launcher Type: SUN_STANDARD

Environment Variables:
PATH=C:\Program Files\Java\jdk1.8.0_201\jre\bin;C:/Program Files/Java/jre1.8.0_201/bin/server;C:/Program Files/Java/jre1.8.0_201/bin;C:/Program Files/Java/jre1.8.0_201/lib/amd64;C:\Program Files (x86)\Common Files\Oracle\Java\javapath;C:\Windows\system32;C:\Windows;C:\Windows\System32\Wbem;C:\Windows\System32\WindowsPowerShell\v1.0\;C:\Windows\System32\OpenSSH\;C:\Program Files\Java\jre1.8.0_201\bin;C:\Users\Gurudeesh\AppData\Local\Microsoft\WindowsApps;;C:\project\eclipse-java-oxygen-3a-win32-x86_64\eclipse;
USERNAME=Gurudeesh
OS=Windows_NT
PROCESSOR_IDENTIFIER=Intel64 Family 6 Model 60 Stepping 3, GenuineIntel



---------------  S Y S T E M  ---------------

OS: Windows 10.0 , 64 bit Build 19041 (10.0.19041.804)

CPU:total 4 (initial active 4) (2 cores per cpu, 2 threads per core) family 6 model 60 stepping 3, cmov, cx8, fxsr, mmx, sse, sse2, sse3, ssse3, sse4.1, sse4.2, popcnt, avx, avx2, aes, clmul, erms, lzcnt, ht, tsc, tscinvbit, bmi1, bmi2

Memory: 4k page, physical 6208284k(808160k free), swap 17802220k(2964736k free)

vm_info: Java HotSpot(TM) 64-Bit Server VM (25.201-b09) for windows-amd64 JRE (1.8.0_201-b09), built on Dec 15 2018 18:36:39 by "java_re" with MS VC++ 10.0 (VS2010)

time: Mon Mar 08 12:38:10 2021
timezone: Pacific Standard Time
elapsed time: 428 seconds (0d 0h 7m 8s)

